<?xml version="1.0" encoding="UTF-8"?>
<!-- Generated by org.testng.reporters.JUnitXMLReporter -->
<testsuite hostname="LIN60016199" ignored="2" name="Verify login functionlity" tests="4" failures="0" timestamp="2021-08-14T13:08:56 IST" time="118.413" errors="0">
  <testcase name="Verify_Login" time="14.532" classname="shaadi.Testcases.LoginTest"/>
  <testcase name="Verify_HomePage" time="42.575" classname="shaadi.Testcases.HomeTest"/>
  <testcase name="Verify_PremiumWidget" time="40.307" classname="shaadi.Testcases.HomeTest"/>
  <testcase name="Verify_NewMatchesWidget" time="4.419" classname="shaadi.Testcases.HomeTest"/>
  <testcase name="@BeforeTest beforeTest" time="0.0" classname="base.TestBase">
    <ignored/>
  </testcase> <!-- @BeforeTest beforeTest -->
  <testcase name="@AfterTest afterTest" time="0.0" classname="base.TestBase">
    <ignored/>
  </testcase> <!-- @AfterTest afterTest -->
</testsuite> <!-- Verify login functionlity -->
